<?xml version="1.0" encoding="UTF-8"?>
<testsuite name="com.ucompensar.proyectofinal.ProyectofinalApplicationTests" tests="1" skipped="0" failures="0" errors="0" timestamp="2026-05-18T17:49:40.323Z" hostname="DESKTOP-KEHG5MG" time="5.133">
  <properties/>
  <testcase name="contextLoads()" classname="com.ucompensar.proyectofinal.ProyectofinalApplicationTests" time="0.381"/>
  <system-out><![CDATA[12:49:40.448 [Test worker] INFO org.springframework.test.context.support.AnnotationConfigContextLoaderUtils -- Could not detect default configuration classes for test class [com.ucompensar.proyectofinal.ProyectofinalApplicationTests]: ProyectofinalApplicationTests does not declare any static, non-private, non-final, nested classes annotated with @Configuration.
12:49:40.553 [Test worker] INFO org.springframework.boot.test.context.SpringBootTestContextBootstrapper -- Found @SpringBootConfiguration com.ucompensar.proyectofinal.ProyectofinalApplication for test class com.ucompensar.proyectofinal.ProyectofinalApplicationTests

  .   ____          _            __ _ _
 /\\ / ___'_ __ _ _(_)_ __  __ _ \ \ \ \
( ( )\___ | '_ | '_| | '_ \/ _` | \ \ \ \
 \\/  ___)| |_)| | | | | || (_| |  ) ) ) )
  '  |____| .__|_| |_|_| |_\__, | / / / /
 =========|_|==============|___/=/_/_/_/

 :: Spring Boot ::                (v3.5.0)

2026-05-18T12:49:40.964-05:00  INFO 5292 --- [ProyectoFinal] [    Test worker] c.u.p.ProyectofinalApplicationTests      : Starting ProyectofinalApplicationTests using Java 21.0.10 with PID 5292 (started by danie in C:\Users\danie\IdeaProjects\proyectofinal)
2026-05-18T12:49:40.966-05:00  INFO 5292 --- [ProyectoFinal] [    Test worker] c.u.p.ProyectofinalApplicationTests      : No active profile set, falling back to 1 default profile: "default"
2026-05-18T12:49:41.675-05:00  INFO 5292 --- [ProyectoFinal] [    Test worker] .s.d.r.c.RepositoryConfigurationDelegate : Bootstrapping Spring Data JPA repositories in DEFAULT mode.
2026-05-18T12:49:41.742-05:00  INFO 5292 --- [ProyectoFinal] [    Test worker] .s.d.r.c.RepositoryConfigurationDelegate : Finished Spring Data repository scanning in 56 ms. Found 3 JPA repository interfaces.
2026-05-18T12:49:42.227-05:00  INFO 5292 --- [ProyectoFinal] [    Test worker] o.hibernate.jpa.internal.util.LogHelper  : HHH000204: Processing PersistenceUnitInfo [name: default]
2026-05-18T12:49:42.308-05:00  INFO 5292 --- [ProyectoFinal] [    Test worker] org.hibernate.Version                    : HHH000412: Hibernate ORM core version 6.6.15.Final
2026-05-18T12:49:42.352-05:00  INFO 5292 --- [ProyectoFinal] [    Test worker] o.h.c.internal.RegionFactoryInitiator    : HHH000026: Second-level cache disabled
2026-05-18T12:49:42.686-05:00  INFO 5292 --- [ProyectoFinal] [    Test worker] o.s.o.j.p.SpringPersistenceUnitInfo      : No LoadTimeWeaver setup: ignoring JPA class transformer
2026-05-18T12:49:42.717-05:00  INFO 5292 --- [ProyectoFinal] [    Test worker] com.zaxxer.hikari.HikariDataSource       : HikariPool-1 - Starting...
2026-05-18T12:49:42.853-05:00  INFO 5292 --- [ProyectoFinal] [    Test worker] com.zaxxer.hikari.pool.HikariPool        : HikariPool-1 - Added connection com.mysql.cj.jdbc.ConnectionImpl@75f32817
2026-05-18T12:49:42.855-05:00  INFO 5292 --- [ProyectoFinal] [    Test worker] com.zaxxer.hikari.HikariDataSource       : HikariPool-1 - Start completed.
2026-05-18T12:49:42.889-05:00  WARN 5292 --- [ProyectoFinal] [    Test worker] org.hibernate.dialect.Dialect            : HHH000511: The 5.5.5 version for [org.hibernate.dialect.MySQLDialect] is no longer supported, hence certain features may not work properly. The minimum supported version is 8.0.0. Check the community dialects project for available legacy versions.
2026-05-18T12:49:42.893-05:00  WARN 5292 --- [ProyectoFinal] [    Test worker] org.hibernate.orm.deprecation            : HHH90000025: MySQLDialect does not need to be specified explicitly using 'hibernate.dialect' (remove the property setting and it will be selected by default)
2026-05-18T12:49:42.910-05:00  INFO 5292 --- [ProyectoFinal] [    Test worker] org.hibernate.orm.connections.pooling    : HHH10001005: Database info:
	Database JDBC URL [Connecting through datasource 'HikariDataSource (HikariPool-1)']
	Database driver: undefined/unknown
	Database version: 5.5.5
	Autocommit mode: undefined/unknown
	Isolation level: undefined/unknown
	Minimum pool size: undefined/unknown
	Maximum pool size: undefined/unknown
2026-05-18T12:49:43.681-05:00  INFO 5292 --- [ProyectoFinal] [    Test worker] o.h.e.t.j.p.i.JtaPlatformInitiator       : HHH000489: No JTA platform available (set 'hibernate.transaction.jta.platform' to enable JTA platform integration)
2026-05-18T12:49:43.747-05:00  INFO 5292 --- [ProyectoFinal] [    Test worker] j.LocalContainerEntityManagerFactoryBean : Initialized JPA EntityManagerFactory for persistence unit 'default'
2026-05-18T12:49:44.369-05:00  WARN 5292 --- [ProyectoFinal] [    Test worker] JpaBaseConfiguration$JpaWebConfiguration : spring.jpa.open-in-view is enabled by default. Therefore, database queries may be performed during view rendering. Explicitly configure spring.jpa.open-in-view to disable this warning
2026-05-18T12:49:45.057-05:00  INFO 5292 --- [ProyectoFinal] [    Test worker] c.u.p.ProyectofinalApplicationTests      : Started ProyectofinalApplicationTests in 4.351 seconds (process running for 5.389)
]]></system-out>
  <system-err><![CDATA[Mockito is currently self-attaching to enable the inline-mock-maker. This will no longer work in future releases of the JDK. Please add Mockito as an agent to your build as described in Mockito's documentation: https://javadoc.io/doc/org.mockito/mockito-core/latest/org.mockito/org/mockito/Mockito.html#0.3
WARNING: A Java agent has been loaded dynamically (C:\Users\danie\.gradle\caches\modules-2\files-2.1\net.bytebuddy\byte-buddy-agent\1.17.5\58f9507f5f28d1d3e7adfb4ec2fe37c29d332c9b\byte-buddy-agent-1.17.5.jar)
WARNING: If a serviceability tool is in use, please run with -XX:+EnableDynamicAgentLoading to hide this warning
WARNING: If a serviceability tool is not in use, please run with -Djdk.instrument.traceUsage for more information
WARNING: Dynamic loading of agents will be disallowed by default in a future release
]]></system-err>
</testsuite>
